<?xml version="1.0" encoding="UTF-8"?>
<!-- Generated by org.testng.reporters.JUnitXMLReporter -->
<testsuite hostname="TechAviator-PC" name="firefoxTest" tests="3" failures="0" timestamp="7 Mar 2016 16:20:17 GMT" time="73.749" errors="0">
  <testcase name="TestInValidLogin" time="6.165" classname="Scenario_Component.Scenario_Login"/>
  <testcase name="TestInvalidsearch" time="1.251" classname="Scenario_Component.Scenario_Booksearch"/>
  <testcase name="Testvalidsearch" time="1.72" classname="Scenario_Component.Scenario_Booksearch"/>
</testsuite> <!-- firefoxTest -->
